<?xml version="1.0" encoding="UTF-8"?>
<testng-results ignored="0" total="1" passed="1" failed="0" skipped="0">
  <reporter-output>
  </reporter-output>
  <suite started-at="2022-05-16T01:49:23 IST" name="Default suite" finished-at="2022-05-16T01:49:46 IST" duration-ms="22641">
    <groups>
    </groups>
    <test started-at="2022-05-16T01:49:23 IST" name="Default test" finished-at="2022-05-16T01:49:46 IST" duration-ms="22641">
      <class name="testsuite.AssignmentTest2">
        <test-method is-config="true" signature="setUp()[pri:0, instance:testsuite.AssignmentTest2@3232a28a]" started-at="2022-05-16T01:49:23 IST" name="setUp" finished-at="2022-05-16T01:49:26 IST" duration-ms="3534" status="PASS">
          <reporter-output>
          </reporter-output>
        </test-method> <!-- setUp -->
        <test-method signature="testWalletHubReview()[pri:0, instance:testsuite.AssignmentTest2@3232a28a]" started-at="2022-05-16T01:49:26 IST" name="testWalletHubReview" finished-at="2022-05-16T01:49:45 IST" duration-ms="18584" status="PASS">
          <reporter-output>
          </reporter-output>
        </test-method> <!-- testWalletHubReview -->
        <test-method is-config="true" signature="tearDown()[pri:0, instance:testsuite.AssignmentTest2@3232a28a]" started-at="2022-05-16T01:49:45 IST" name="tearDown" finished-at="2022-05-16T01:49:46 IST" duration-ms="485" status="PASS">
          <reporter-output>
          </reporter-output>
        </test-method> <!-- tearDown -->
      </class> <!-- testsuite.AssignmentTest2 -->
    </test> <!-- Default test -->
  </suite> <!-- Default suite -->
</testng-results>
